<?xml version="1.0" encoding="UTF-8"?>
<testsuite name="Nova_A v4.5 PHY" tests="68" failures="0">
  <testcase classname="Nova_A.PHY" name="V450-VERSION"></testcase>
  <testcase classname="Nova_A.PHY" name="V450-BODY-ROLES"></testcase>
  <testcase classname="Nova_A.PHY" name="V450-SHAPES"></testcase>
  <testcase classname="Nova_A.PHY" name="V450-PROFILES"></testcase>
  <testcase classname="Nova_A.PHY" name="V450-PROJECT-SCOPE"></testcase>
  <testcase classname="Nova_A.PHY" name="V450-QUERIES"></testcase>
  <testcase classname="Nova_A.PHY" name="V450-EVENTS"></testcase>
  <testcase classname="Nova_A.PHY" name="V450-CHARACTER"></testcase>
  <testcase classname="Nova_A.PHY" name="V450-JOINT-ROPE"></testcase>
  <testcase classname="Nova_A.PHY" name="V450-MONITOR"></testcase>
  <testcase classname="Nova_A.PHY" name="V450-OVERLAYS"></testcase>
  <testcase classname="Nova_A.PHY" name="V450-HEALTH"></testcase>
  <testcase classname="Nova_A.PHY" name="V450-ADVANCED-MATRIX"></testcase>
  <testcase classname="Nova_A.PHY" name="V450-SCRIPT-EXPORTS"></testcase>
  <testcase classname="Nova_A.PHY" name="V450-DETERMINISM"></testcase>
  <testcase classname="Nova_A.PHY" name="V450-I18N"></testcase>
  <testcase classname="Nova_A.PHY" name="V450-MANUAL"></testcase>
  <testcase classname="Nova_A.PHY" name="V450-DOC-PHYSICS_2D_4_5.md"></testcase>
  <testcase classname="Nova_A.PHY" name="V450-DOC-CHARACTER_CONTROLLERS_4_5.md"></testcase>
  <testcase classname="Nova_A.PHY" name="V450-DOC-PHYSICS_DIAGNOSTICS_4_5.md"></testcase>
  <testcase classname="Nova_A.PHY" name="V450-DOC-KNOWN_ISSUES_4_5.md"></testcase>
  <testcase classname="Nova_A.PHY" name="V450-REF-physics-v45-platformer-project.nova"></testcase>
  <testcase classname="Nova_A.PHY" name="V450-REF-physics-v45-platformer-README.md"></testcase>
  <testcase classname="Nova_A.PHY" name="V450-REF-physics-v45-platformer-expected-output.json"></testcase>
  <testcase classname="Nova_A.PHY" name="V450-REF-physics-v45-platformer-test-controls.json"></testcase>
  <testcase classname="Nova_A.PHY" name="V450-REF-physics-v45-top-down-project.nova"></testcase>
  <testcase classname="Nova_A.PHY" name="V450-REF-physics-v45-top-down-README.md"></testcase>
  <testcase classname="Nova_A.PHY" name="V450-REF-physics-v45-top-down-expected-output.json"></testcase>
  <testcase classname="Nova_A.PHY" name="V450-REF-physics-v45-top-down-test-controls.json"></testcase>
  <testcase classname="Nova_A.PHY" name="V450-REF-physics-v45-queries-triggers-project.nova"></testcase>
  <testcase classname="Nova_A.PHY" name="V450-REF-physics-v45-queries-triggers-README.md"></testcase>
  <testcase classname="Nova_A.PHY" name="V450-REF-physics-v45-queries-triggers-expected-output.json"></testcase>
  <testcase classname="Nova_A.PHY" name="V450-REF-physics-v45-queries-triggers-test-controls.json"></testcase>
  <testcase classname="Nova_A.PHY" name="V450-REF-physics-v45-joints-project.nova"></testcase>
  <testcase classname="Nova_A.PHY" name="V450-REF-physics-v45-joints-README.md"></testcase>
  <testcase classname="Nova_A.PHY" name="V450-REF-physics-v45-joints-expected-output.json"></testcase>
  <testcase classname="Nova_A.PHY" name="V450-REF-physics-v45-joints-test-controls.json"></testcase>
  <testcase classname="Nova_A.PHY" name="V450-REF-physics-v45-rope2d-project.nova"></testcase>
  <testcase classname="Nova_A.PHY" name="V450-REF-physics-v45-rope2d-README.md"></testcase>
  <testcase classname="Nova_A.PHY" name="V450-REF-physics-v45-rope2d-expected-output.json"></testcase>
  <testcase classname="Nova_A.PHY" name="V450-REF-physics-v45-rope2d-test-controls.json"></testcase>
  <testcase classname="Nova_A.PHY" name="V450-REF-physics-v45-diagnostics-project.nova"></testcase>
  <testcase classname="Nova_A.PHY" name="V450-REF-physics-v45-diagnostics-README.md"></testcase>
  <testcase classname="Nova_A.PHY" name="V450-REF-physics-v45-diagnostics-expected-output.json"></testcase>
  <testcase classname="Nova_A.PHY" name="V450-REF-physics-v45-diagnostics-test-controls.json"></testcase>
  <testcase classname="Nova_A.PHY" name="PHY-AN-gravity"></testcase>
  <testcase classname="Nova_A.PHY" name="PHY-AN-velocity"></testcase>
  <testcase classname="Nova_A.PHY" name="PHY-AN-restitution"></testcase>
  <testcase classname="Nova_A.PHY" name="PHY-AN-momentum-x"></testcase>
  <testcase classname="Nova_A.PHY" name="PHY-AN-momentum-y"></testcase>
  <testcase classname="Nova_A.PHY" name="PHY-AN-energy"></testcase>
  <testcase classname="Nova_A.PHY" name="PHY-AN-friction"></testcase>
  <testcase classname="Nova_A.PHY" name="PHY-AN-rope-strain"></testcase>
  <testcase classname="Nova_A.PHY" name="PHY-AN-spring-force"></testcase>
  <testcase classname="Nova_A.PHY" name="PHY-EVENT-ORDER"></testcase>
  <testcase classname="Nova_A.PHY" name="PHY-EDGE-NUMBERS"></testcase>
  <testcase classname="Nova_A.PHY" name="PHY-PROFILES"></testcase>
  <testcase classname="Nova_A.PHY" name="PHY-QUERY-CATALOG"></testcase>
  <testcase classname="Nova_A.PHY" name="PHY-SHAPE-CATALOG"></testcase>
  <testcase classname="Nova_A.PHY" name="PHY-PROFILE-ROUNDTRIP"></testcase>
  <testcase classname="Nova_A.PHY" name="PHY-CHARACTER-FIXTURES"></testcase>
  <testcase classname="Nova_A.PHY" name="PHY-JOINT-ROPE-FIXTURES"></testcase>
  <testcase classname="Nova_A.PHY" name="PHY-STRESS-20000"></testcase>
  <testcase classname="Nova_A.PHY" name="PHY-ACCELERATED-SOAK"></testcase>
  <testcase classname="Nova_A.PHY" name="artifact-portable"></testcase>
  <testcase classname="Nova_A.PHY" name="artifact-msi"></testcase>
  <testcase classname="Nova_A.PHY" name="artifact-setup"></testcase>
  <testcase classname="Nova_A.PHY" name="portable-isolated-startup"></testcase>
</testsuite>
