<?xml version="1.0" encoding="UTF-8"?>
<testsuite name="Nova_A 4.1" tests="632" failures="0" skipped="0" timestamp="2026-08-20T08:57:17.225Z">
  <testcase classname="NovaA.v4.1" name="V410-VERSION"></testcase>
  <testcase classname="NovaA.v4.1" name="V410-WINDOW"></testcase>
  <testcase classname="NovaA.v4.1" name="V410-WORKSPACES"></testcase>
  <testcase classname="NovaA.v4.1" name="V410-PROFILES"></testcase>
  <testcase classname="NovaA.v4.1" name="V410-DOCKING"></testcase>
  <testcase classname="NovaA.v4.1" name="V410-MANAGE"></testcase>
  <testcase classname="NovaA.v4.1" name="V410-CONTEXT-RAIL"></testcase>
  <testcase classname="NovaA.v4.1" name="V410-PHYSICS-CONTEXT"></testcase>
  <testcase classname="NovaA.v4.1" name="V410-HEALTH-CONTEXT"></testcase>
  <testcase classname="NovaA.v4.1" name="V410-COMPLETION"></testcase>
  <testcase classname="NovaA.v4.1" name="V410-TYPOGRAPHY"></testcase>
  <testcase classname="NovaA.v4.1" name="V410-DESIGN-TOKENS"></testcase>
  <testcase classname="NovaA.v4.1" name="V410-DISCOVERY"></testcase>
  <testcase classname="NovaA.v4.1" name="V410-SHORTCUTS"></testcase>
  <testcase classname="NovaA.v4.1" name="V410-CONTROLS"></testcase>
  <testcase classname="NovaA.v4.1" name="V410-LIFECYCLE"></testcase>
  <testcase classname="NovaA.v4.1" name="V410-LAUNCHER"></testcase>
  <testcase classname="NovaA.v4.1" name="V410-TUTORIAL"></testcase>
  <testcase classname="NovaA.v4.1" name="V410-TASKS"></testcase>
  <testcase classname="NovaA.v4.1" name="V410-READINESS"></testcase>
  <testcase classname="NovaA.v4.1" name="V410-DETAILS"></testcase>
  <testcase classname="NovaA.v4.1" name="V410-DOC-UI_DESIGN_TOKENS_4_1.md"></testcase>
  <testcase classname="NovaA.v4.1" name="V410-DOC-TYPOGRAPHY_INVENTORY_4_1.md"></testcase>
  <testcase classname="NovaA.v4.1" name="V410-DOC-FONT_LICENSE_VERIFICATION_4_1.md"></testcase>
  <testcase classname="NovaA.v4.1" name="V410-DOC-DPI_MATRIX_4_1.md"></testcase>
  <testcase classname="NovaA.v4.1" name="V410-DOC-KEYBOARD_ACCESSIBILITY_4_1.md"></testcase>
  <testcase classname="NovaA.v4.1" name="V410-DOC-FEATURE_PARITY_4_1.md"></testcase>
  <testcase classname="NovaA.v4.1" name="V410-DOC-NAVIGATION_4_1.md"></testcase>
  <testcase classname="NovaA.v4.1" name="V410-DOC-KNOWN_ISSUES_4_1.md"></testcase>
  <testcase classname="NovaA.v4.1" name="WSP-001"></testcase>
  <testcase classname="NovaA.v4.1" name="WSP-002"></testcase>
  <testcase classname="NovaA.v4.1" name="WSP-PROFILE-beginner"></testcase>
  <testcase classname="NovaA.v4.1" name="WSP-PROFILE-designer"></testcase>
  <testcase classname="NovaA.v4.1" name="WSP-PROFILE-programmer"></testcase>
  <testcase classname="NovaA.v4.1" name="WSP-PROFILE-ui-designer"></testcase>
  <testcase classname="NovaA.v4.1" name="WSP-PROFILE-profiler"></testcase>
  <testcase classname="NovaA.v4.1" name="WSP-PROFILE-release-engineer"></testcase>
  <testcase classname="NovaA.v4.1" name="WSP-003"></testcase>
  <testcase classname="NovaA.v4.1" name="WSP-004"></testcase>
  <testcase classname="NovaA.v4.1" name="WSP-005"></testcase>
  <testcase classname="NovaA.v4.1" name="NAV-001"></testcase>
  <testcase classname="NovaA.v4.1" name="NAV-002"></testcase>
  <testcase classname="NovaA.v4.1" name="NAV-003"></testcase>
  <testcase classname="NovaA.v4.1" name="FLG-001"></testcase>
  <testcase classname="NovaA.v4.1" name="FLG-002"></testcase>
  <testcase classname="NovaA.v4.1" name="LCH-empty"></testcase>
  <testcase classname="NovaA.v4.1" name="LCH-platformer"></testcase>
  <testcase classname="NovaA.v4.1" name="LCH-top-down"></testcase>
  <testcase classname="NovaA.v4.1" name="LCH-physics-sandbox"></testcase>
  <testcase classname="NovaA.v4.1" name="LCH-ui-showcase"></testcase>
  <testcase classname="NovaA.v4.1" name="TSK-001"></testcase>
  <testcase classname="NovaA.v4.1" name="en SHELL workspace 1/6 1366x768 100%"></testcase>
  <testcase classname="NovaA.v4.1" name="en SHELL workspace 2/6 1366x768 100%"></testcase>
  <testcase classname="NovaA.v4.1" name="en SHELL workspace 3/6 1366x768 100%"></testcase>
  <testcase classname="NovaA.v4.1" name="en SHELL workspace 4/6 1366x768 100%"></testcase>
  <testcase classname="NovaA.v4.1" name="en SHELL workspace 5/6 1366x768 100%"></testcase>
  <testcase classname="NovaA.v4.1" name="en SHELL workspace 6/6 1366x768 100%"></testcase>
  <testcase classname="NovaA.v4.1" name="en SHELL workspace 1/6 1920x1080 100%"></testcase>
  <testcase classname="NovaA.v4.1" name="en SHELL workspace 2/6 1920x1080 100%"></testcase>
  <testcase classname="NovaA.v4.1" name="en SHELL workspace 3/6 1920x1080 100%"></testcase>
  <testcase classname="NovaA.v4.1" name="en SHELL workspace 4/6 1920x1080 100%"></testcase>
  <testcase classname="NovaA.v4.1" name="en SHELL workspace 5/6 1920x1080 100%"></testcase>
  <testcase classname="NovaA.v4.1" name="en SHELL workspace 6/6 1920x1080 100%"></testcase>
  <testcase classname="NovaA.v4.1" name="en SHELL workspace 1/6 2560x1440 100%"></testcase>
  <testcase classname="NovaA.v4.1" name="en SHELL workspace 2/6 2560x1440 100%"></testcase>
  <testcase classname="NovaA.v4.1" name="en SHELL workspace 3/6 2560x1440 100%"></testcase>
  <testcase classname="NovaA.v4.1" name="en SHELL workspace 4/6 2560x1440 100%"></testcase>
  <testcase classname="NovaA.v4.1" name="en SHELL workspace 5/6 2560x1440 100%"></testcase>
  <testcase classname="NovaA.v4.1" name="en SHELL workspace 6/6 2560x1440 100%"></testcase>
  <testcase classname="NovaA.v4.1" name="en SHELL workspace 1/6 3840x2160 100%"></testcase>
  <testcase classname="NovaA.v4.1" name="en SHELL workspace 2/6 3840x2160 100%"></testcase>
  <testcase classname="NovaA.v4.1" name="en SHELL workspace 3/6 3840x2160 100%"></testcase>
  <testcase classname="NovaA.v4.1" name="en SHELL workspace 4/6 3840x2160 100%"></testcase>
  <testcase classname="NovaA.v4.1" name="en SHELL workspace 5/6 3840x2160 100%"></testcase>
  <testcase classname="NovaA.v4.1" name="en SHELL workspace 6/6 3840x2160 100%"></testcase>
  <testcase classname="NovaA.v4.1" name="en SHELL workspace 1/6 1366x768 125%"></testcase>
  <testcase classname="NovaA.v4.1" name="en SHELL workspace 2/6 1366x768 125%"></testcase>
  <testcase classname="NovaA.v4.1" name="en SHELL workspace 3/6 1366x768 125%"></testcase>
  <testcase classname="NovaA.v4.1" name="en SHELL workspace 4/6 1366x768 125%"></testcase>
  <testcase classname="NovaA.v4.1" name="en SHELL workspace 5/6 1366x768 125%"></testcase>
  <testcase classname="NovaA.v4.1" name="en SHELL workspace 6/6 1366x768 125%"></testcase>
  <testcase classname="NovaA.v4.1" name="en SHELL workspace 1/6 1920x1080 125%"></testcase>
  <testcase classname="NovaA.v4.1" name="en SHELL workspace 2/6 1920x1080 125%"></testcase>
  <testcase classname="NovaA.v4.1" name="en SHELL workspace 3/6 1920x1080 125%"></testcase>
  <testcase classname="NovaA.v4.1" name="en SHELL workspace 4/6 1920x1080 125%"></testcase>
  <testcase classname="NovaA.v4.1" name="en SHELL workspace 5/6 1920x1080 125%"></testcase>
  <testcase classname="NovaA.v4.1" name="en SHELL workspace 6/6 1920x1080 125%"></testcase>
  <testcase classname="NovaA.v4.1" name="en SHELL workspace 1/6 2560x1440 125%"></testcase>
  <testcase classname="NovaA.v4.1" name="en SHELL workspace 2/6 2560x1440 125%"></testcase>
  <testcase classname="NovaA.v4.1" name="en SHELL workspace 3/6 2560x1440 125%"></testcase>
  <testcase classname="NovaA.v4.1" name="en SHELL workspace 4/6 2560x1440 125%"></testcase>
  <testcase classname="NovaA.v4.1" name="en SHELL workspace 5/6 2560x1440 125%"></testcase>
  <testcase classname="NovaA.v4.1" name="en SHELL workspace 6/6 2560x1440 125%"></testcase>
  <testcase classname="NovaA.v4.1" name="en SHELL workspace 1/6 3840x2160 125%"></testcase>
  <testcase classname="NovaA.v4.1" name="en SHELL workspace 2/6 3840x2160 125%"></testcase>
  <testcase classname="NovaA.v4.1" name="en SHELL workspace 3/6 3840x2160 125%"></testcase>
  <testcase classname="NovaA.v4.1" name="en SHELL workspace 4/6 3840x2160 125%"></testcase>
  <testcase classname="NovaA.v4.1" name="en SHELL workspace 5/6 3840x2160 125%"></testcase>
  <testcase classname="NovaA.v4.1" name="en SHELL workspace 6/6 3840x2160 125%"></testcase>
  <testcase classname="NovaA.v4.1" name="en SHELL workspace 1/6 1366x768 150%"></testcase>
  <testcase classname="NovaA.v4.1" name="en SHELL workspace 2/6 1366x768 150%"></testcase>
  <testcase classname="NovaA.v4.1" name="en SHELL workspace 3/6 1366x768 150%"></testcase>
  <testcase classname="NovaA.v4.1" name="en SHELL workspace 4/6 1366x768 150%"></testcase>
  <testcase classname="NovaA.v4.1" name="en SHELL workspace 5/6 1366x768 150%"></testcase>
  <testcase classname="NovaA.v4.1" name="en SHELL workspace 6/6 1366x768 150%"></testcase>
  <testcase classname="NovaA.v4.1" name="en SHELL workspace 1/6 1920x1080 150%"></testcase>
  <testcase classname="NovaA.v4.1" name="en SHELL workspace 2/6 1920x1080 150%"></testcase>
  <testcase classname="NovaA.v4.1" name="en SHELL workspace 3/6 1920x1080 150%"></testcase>
  <testcase classname="NovaA.v4.1" name="en SHELL workspace 4/6 1920x1080 150%"></testcase>
  <testcase classname="NovaA.v4.1" name="en SHELL workspace 5/6 1920x1080 150%"></testcase>
  <testcase classname="NovaA.v4.1" name="en SHELL workspace 6/6 1920x1080 150%"></testcase>
  <testcase classname="NovaA.v4.1" name="en SHELL workspace 1/6 2560x1440 150%"></testcase>
  <testcase classname="NovaA.v4.1" name="en SHELL workspace 2/6 2560x1440 150%"></testcase>
  <testcase classname="NovaA.v4.1" name="en SHELL workspace 3/6 2560x1440 150%"></testcase>
  <testcase classname="NovaA.v4.1" name="en SHELL workspace 4/6 2560x1440 150%"></testcase>
  <testcase classname="NovaA.v4.1" name="en SHELL workspace 5/6 2560x1440 150%"></testcase>
  <testcase classname="NovaA.v4.1" name="en SHELL workspace 6/6 2560x1440 150%"></testcase>
  <testcase classname="NovaA.v4.1" name="en SHELL workspace 1/6 3840x2160 150%"></testcase>
  <testcase classname="NovaA.v4.1" name="en SHELL workspace 2/6 3840x2160 150%"></testcase>
  <testcase classname="NovaA.v4.1" name="en SHELL workspace 3/6 3840x2160 150%"></testcase>
  <testcase classname="NovaA.v4.1" name="en SHELL workspace 4/6 3840x2160 150%"></testcase>
  <testcase classname="NovaA.v4.1" name="en SHELL workspace 5/6 3840x2160 150%"></testcase>
  <testcase classname="NovaA.v4.1" name="en SHELL workspace 6/6 3840x2160 150%"></testcase>
  <testcase classname="NovaA.v4.1" name="en SHELL workspace 1/6 1366x768 175%"></testcase>
  <testcase classname="NovaA.v4.1" name="en SHELL workspace 2/6 1366x768 175%"></testcase>
  <testcase classname="NovaA.v4.1" name="en SHELL workspace 3/6 1366x768 175%"></testcase>
  <testcase classname="NovaA.v4.1" name="en SHELL workspace 4/6 1366x768 175%"></testcase>
  <testcase classname="NovaA.v4.1" name="en SHELL workspace 5/6 1366x768 175%"></testcase>
  <testcase classname="NovaA.v4.1" name="en SHELL workspace 6/6 1366x768 175%"></testcase>
  <testcase classname="NovaA.v4.1" name="en SHELL workspace 1/6 1920x1080 175%"></testcase>
  <testcase classname="NovaA.v4.1" name="en SHELL workspace 2/6 1920x1080 175%"></testcase>
  <testcase classname="NovaA.v4.1" name="en SHELL workspace 3/6 1920x1080 175%"></testcase>
  <testcase classname="NovaA.v4.1" name="en SHELL workspace 4/6 1920x1080 175%"></testcase>
  <testcase classname="NovaA.v4.1" name="en SHELL workspace 5/6 1920x1080 175%"></testcase>
  <testcase classname="NovaA.v4.1" name="en SHELL workspace 6/6 1920x1080 175%"></testcase>
  <testcase classname="NovaA.v4.1" name="en SHELL workspace 1/6 2560x1440 175%"></testcase>
  <testcase classname="NovaA.v4.1" name="en SHELL workspace 2/6 2560x1440 175%"></testcase>
  <testcase classname="NovaA.v4.1" name="en SHELL workspace 3/6 2560x1440 175%"></testcase>
  <testcase classname="NovaA.v4.1" name="en SHELL workspace 4/6 2560x1440 175%"></testcase>
  <testcase classname="NovaA.v4.1" name="en SHELL workspace 5/6 2560x1440 175%"></testcase>
  <testcase classname="NovaA.v4.1" name="en SHELL workspace 6/6 2560x1440 175%"></testcase>
  <testcase classname="NovaA.v4.1" name="en SHELL workspace 1/6 3840x2160 175%"></testcase>
  <testcase classname="NovaA.v4.1" name="en SHELL workspace 2/6 3840x2160 175%"></testcase>
  <testcase classname="NovaA.v4.1" name="en SHELL workspace 3/6 3840x2160 175%"></testcase>
  <testcase classname="NovaA.v4.1" name="en SHELL workspace 4/6 3840x2160 175%"></testcase>
  <testcase classname="NovaA.v4.1" name="en SHELL workspace 5/6 3840x2160 175%"></testcase>
  <testcase classname="NovaA.v4.1" name="en SHELL workspace 6/6 3840x2160 175%"></testcase>
  <testcase classname="NovaA.v4.1" name="en SHELL workspace 1/6 1366x768 200%"></testcase>
  <testcase classname="NovaA.v4.1" name="en SHELL workspace 2/6 1366x768 200%"></testcase>
  <testcase classname="NovaA.v4.1" name="en SHELL workspace 3/6 1366x768 200%"></testcase>
  <testcase classname="NovaA.v4.1" name="en SHELL workspace 4/6 1366x768 200%"></testcase>
  <testcase classname="NovaA.v4.1" name="en SHELL workspace 5/6 1366x768 200%"></testcase>
  <testcase classname="NovaA.v4.1" name="en SHELL workspace 6/6 1366x768 200%"></testcase>
  <testcase classname="NovaA.v4.1" name="en SHELL workspace 1/6 1920x1080 200%"></testcase>
  <testcase classname="NovaA.v4.1" name="en SHELL workspace 2/6 1920x1080 200%"></testcase>
  <testcase classname="NovaA.v4.1" name="en SHELL workspace 3/6 1920x1080 200%"></testcase>
  <testcase classname="NovaA.v4.1" name="en SHELL workspace 4/6 1920x1080 200%"></testcase>
  <testcase classname="NovaA.v4.1" name="en SHELL workspace 5/6 1920x1080 200%"></testcase>
  <testcase classname="NovaA.v4.1" name="en SHELL workspace 6/6 1920x1080 200%"></testcase>
  <testcase classname="NovaA.v4.1" name="en SHELL workspace 1/6 2560x1440 200%"></testcase>
  <testcase classname="NovaA.v4.1" name="en SHELL workspace 2/6 2560x1440 200%"></testcase>
  <testcase classname="NovaA.v4.1" name="en SHELL workspace 3/6 2560x1440 200%"></testcase>
  <testcase classname="NovaA.v4.1" name="en SHELL workspace 4/6 2560x1440 200%"></testcase>
  <testcase classname="NovaA.v4.1" name="en SHELL workspace 5/6 2560x1440 200%"></testcase>
  <testcase classname="NovaA.v4.1" name="en SHELL workspace 6/6 2560x1440 200%"></testcase>
  <testcase classname="NovaA.v4.1" name="en SHELL workspace 1/6 3840x2160 200%"></testcase>
  <testcase classname="NovaA.v4.1" name="en SHELL workspace 2/6 3840x2160 200%"></testcase>
  <testcase classname="NovaA.v4.1" name="en SHELL workspace 3/6 3840x2160 200%"></testcase>
  <testcase classname="NovaA.v4.1" name="en SHELL workspace 4/6 3840x2160 200%"></testcase>
  <testcase classname="NovaA.v4.1" name="en SHELL workspace 5/6 3840x2160 200%"></testcase>
  <testcase classname="NovaA.v4.1" name="en SHELL workspace 6/6 3840x2160 200%"></testcase>
  <testcase classname="NovaA.v4.1" name="en Manage settings"></testcase>
  <testcase classname="NovaA.v4.1" name="en Manage packages"></testcase>
  <testcase classname="NovaA.v4.1" name="en Manage project-health"></testcase>
  <testcase classname="NovaA.v4.1" name="en Manage rendering"></testcase>
  <testcase classname="NovaA.v4.1" name="en Manage build"></testcase>
  <testcase classname="NovaA.v4.1" name="en Design 1024x768"></testcase>
  <testcase classname="NovaA.v4.1" name="en Design 1280x800"></testcase>
  <testcase classname="NovaA.v4.1" name="en Design 1600x900"></testcase>
  <testcase classname="NovaA.v4.1" name="en Design 1920x1080"></testcase>
  <testcase classname="NovaA.v4.1" name="en workspace 1/6"></testcase>
  <testcase classname="NovaA.v4.1" name="en workspace 2/6"></testcase>
  <testcase classname="NovaA.v4.1" name="en workspace 3/6"></testcase>
  <testcase classname="NovaA.v4.1" name="en workspace 4/6"></testcase>
  <testcase classname="NovaA.v4.1" name="en workspace 5/6"></testcase>
  <testcase classname="NovaA.v4.1" name="en workspace 6/6"></testcase>
  <testcase classname="NovaA.v4.1" name="en Script workspace 800x720"></testcase>
  <testcase classname="NovaA.v4.1" name="en Script inspector 1/7 800x720"></testcase>
  <testcase classname="NovaA.v4.1" name="en Script inspector 2/7 800x720"></testcase>
  <testcase classname="NovaA.v4.1" name="en Script inspector 3/7 800x720"></testcase>
  <testcase classname="NovaA.v4.1" name="en Script inspector 4/7 800x720"></testcase>
  <testcase classname="NovaA.v4.1" name="en Script inspector 5/7 800x720"></testcase>
  <testcase classname="NovaA.v4.1" name="en Script inspector 6/7 800x720"></testcase>
  <testcase classname="NovaA.v4.1" name="en Script inspector 7/7 800x720"></testcase>
  <testcase classname="NovaA.v4.1" name="en Script workspace 1024x768"></testcase>
  <testcase classname="NovaA.v4.1" name="en Script inspector 1/7 1024x768"></testcase>
  <testcase classname="NovaA.v4.1" name="en Script inspector 2/7 1024x768"></testcase>
  <testcase classname="NovaA.v4.1" name="en Script inspector 3/7 1024x768"></testcase>
  <testcase classname="NovaA.v4.1" name="en Script inspector 4/7 1024x768"></testcase>
  <testcase classname="NovaA.v4.1" name="en Script inspector 5/7 1024x768"></testcase>
  <testcase classname="NovaA.v4.1" name="en Script inspector 6/7 1024x768"></testcase>
  <testcase classname="NovaA.v4.1" name="en Script inspector 7/7 1024x768"></testcase>
  <testcase classname="NovaA.v4.1" name="en Script workspace 1280x800"></testcase>
  <testcase classname="NovaA.v4.1" name="en Script inspector 1/7 1280x800"></testcase>
  <testcase classname="NovaA.v4.1" name="en Script inspector 2/7 1280x800"></testcase>
  <testcase classname="NovaA.v4.1" name="en Script inspector 3/7 1280x800"></testcase>
  <testcase classname="NovaA.v4.1" name="en Script inspector 4/7 1280x800"></testcase>
  <testcase classname="NovaA.v4.1" name="en Script inspector 5/7 1280x800"></testcase>
  <testcase classname="NovaA.v4.1" name="en Script inspector 6/7 1280x800"></testcase>
  <testcase classname="NovaA.v4.1" name="en Script inspector 7/7 1280x800"></testcase>
  <testcase classname="NovaA.v4.1" name="en Script workspace 1600x900"></testcase>
  <testcase classname="NovaA.v4.1" name="en Script inspector 1/7 1600x900"></testcase>
  <testcase classname="NovaA.v4.1" name="en Script inspector 2/7 1600x900"></testcase>
  <testcase classname="NovaA.v4.1" name="en Script inspector 3/7 1600x900"></testcase>
  <testcase classname="NovaA.v4.1" name="en Script inspector 4/7 1600x900"></testcase>
  <testcase classname="NovaA.v4.1" name="en Script inspector 5/7 1600x900"></testcase>
  <testcase classname="NovaA.v4.1" name="en Script inspector 6/7 1600x900"></testcase>
  <testcase classname="NovaA.v4.1" name="en Script inspector 7/7 1600x900"></testcase>
  <testcase classname="NovaA.v4.1" name="en Script workspace 1920x1080"></testcase>
  <testcase classname="NovaA.v4.1" name="en Script inspector 1/7 1920x1080"></testcase>
  <testcase classname="NovaA.v4.1" name="en Script inspector 2/7 1920x1080"></testcase>
  <testcase classname="NovaA.v4.1" name="en Script inspector 3/7 1920x1080"></testcase>
  <testcase classname="NovaA.v4.1" name="en Script inspector 4/7 1920x1080"></testcase>
  <testcase classname="NovaA.v4.1" name="en Script inspector 5/7 1920x1080"></testcase>
  <testcase classname="NovaA.v4.1" name="en Script inspector 6/7 1920x1080"></testcase>
  <testcase classname="NovaA.v4.1" name="en Script inspector 7/7 1920x1080"></testcase>
  <testcase classname="NovaA.v4.1" name="en Profiler section 1/8"></testcase>
  <testcase classname="NovaA.v4.1" name="en Profiler section 2/8"></testcase>
  <testcase classname="NovaA.v4.1" name="en Profiler section 3/8"></testcase>
  <testcase classname="NovaA.v4.1" name="en Profiler section 4/8"></testcase>
  <testcase classname="NovaA.v4.1" name="en Profiler section 5/8"></testcase>
  <testcase classname="NovaA.v4.1" name="en Profiler section 6/8"></testcase>
  <testcase classname="NovaA.v4.1" name="en Profiler section 7/8"></testcase>
  <testcase classname="NovaA.v4.1" name="en Profiler section 8/8"></testcase>
  <testcase classname="NovaA.v4.1" name="en UI workspace 1/3"></testcase>
  <testcase classname="NovaA.v4.1" name="en UI workspace 2/3"></testcase>
  <testcase classname="NovaA.v4.1" name="en UI workspace 3/3"></testcase>
  <testcase classname="NovaA.v4.1" name="en bottom panel 1/5"></testcase>
  <testcase classname="NovaA.v4.1" name="en bottom panel 2/5"></testcase>
  <testcase classname="NovaA.v4.1" name="en bottom panel 3/5"></testcase>
  <testcase classname="NovaA.v4.1" name="en bottom panel 4/5"></testcase>
  <testcase classname="NovaA.v4.1" name="en bottom panel 5/5"></testcase>
  <testcase classname="NovaA.v4.1" name="en page 1/4"></testcase>
  <testcase classname="NovaA.v4.1" name="en page 2/4"></testcase>
  <testcase classname="NovaA.v4.1" name="en page 3/4"></testcase>
  <testcase classname="NovaA.v4.1" name="en page 4/4"></testcase>
  <testcase classname="NovaA.v4.1" name="de SHELL workspace 1/6 1366x768 100%"></testcase>
  <testcase classname="NovaA.v4.1" name="de SHELL workspace 2/6 1366x768 100%"></testcase>
  <testcase classname="NovaA.v4.1" name="de SHELL workspace 3/6 1366x768 100%"></testcase>
  <testcase classname="NovaA.v4.1" name="de SHELL workspace 4/6 1366x768 100%"></testcase>
  <testcase classname="NovaA.v4.1" name="de SHELL workspace 5/6 1366x768 100%"></testcase>
  <testcase classname="NovaA.v4.1" name="de SHELL workspace 6/6 1366x768 100%"></testcase>
  <testcase classname="NovaA.v4.1" name="de SHELL workspace 1/6 1920x1080 100%"></testcase>
  <testcase classname="NovaA.v4.1" name="de SHELL workspace 2/6 1920x1080 100%"></testcase>
  <testcase classname="NovaA.v4.1" name="de SHELL workspace 3/6 1920x1080 100%"></testcase>
  <testcase classname="NovaA.v4.1" name="de SHELL workspace 4/6 1920x1080 100%"></testcase>
  <testcase classname="NovaA.v4.1" name="de SHELL workspace 5/6 1920x1080 100%"></testcase>
  <testcase classname="NovaA.v4.1" name="de SHELL workspace 6/6 1920x1080 100%"></testcase>
  <testcase classname="NovaA.v4.1" name="de SHELL workspace 1/6 2560x1440 100%"></testcase>
  <testcase classname="NovaA.v4.1" name="de SHELL workspace 2/6 2560x1440 100%"></testcase>
  <testcase classname="NovaA.v4.1" name="de SHELL workspace 3/6 2560x1440 100%"></testcase>
  <testcase classname="NovaA.v4.1" name="de SHELL workspace 4/6 2560x1440 100%"></testcase>
  <testcase classname="NovaA.v4.1" name="de SHELL workspace 5/6 2560x1440 100%"></testcase>
  <testcase classname="NovaA.v4.1" name="de SHELL workspace 6/6 2560x1440 100%"></testcase>
  <testcase classname="NovaA.v4.1" name="de SHELL workspace 1/6 3840x2160 100%"></testcase>
  <testcase classname="NovaA.v4.1" name="de SHELL workspace 2/6 3840x2160 100%"></testcase>
  <testcase classname="NovaA.v4.1" name="de SHELL workspace 3/6 3840x2160 100%"></testcase>
  <testcase classname="NovaA.v4.1" name="de SHELL workspace 4/6 3840x2160 100%"></testcase>
  <testcase classname="NovaA.v4.1" name="de SHELL workspace 5/6 3840x2160 100%"></testcase>
  <testcase classname="NovaA.v4.1" name="de SHELL workspace 6/6 3840x2160 100%"></testcase>
  <testcase classname="NovaA.v4.1" name="de SHELL workspace 1/6 1366x768 125%"></testcase>
  <testcase classname="NovaA.v4.1" name="de SHELL workspace 2/6 1366x768 125%"></testcase>
  <testcase classname="NovaA.v4.1" name="de SHELL workspace 3/6 1366x768 125%"></testcase>
  <testcase classname="NovaA.v4.1" name="de SHELL workspace 4/6 1366x768 125%"></testcase>
  <testcase classname="NovaA.v4.1" name="de SHELL workspace 5/6 1366x768 125%"></testcase>
  <testcase classname="NovaA.v4.1" name="de SHELL workspace 6/6 1366x768 125%"></testcase>
  <testcase classname="NovaA.v4.1" name="de SHELL workspace 1/6 1920x1080 125%"></testcase>
  <testcase classname="NovaA.v4.1" name="de SHELL workspace 2/6 1920x1080 125%"></testcase>
  <testcase classname="NovaA.v4.1" name="de SHELL workspace 3/6 1920x1080 125%"></testcase>
  <testcase classname="NovaA.v4.1" name="de SHELL workspace 4/6 1920x1080 125%"></testcase>
  <testcase classname="NovaA.v4.1" name="de SHELL workspace 5/6 1920x1080 125%"></testcase>
  <testcase classname="NovaA.v4.1" name="de SHELL workspace 6/6 1920x1080 125%"></testcase>
  <testcase classname="NovaA.v4.1" name="de SHELL workspace 1/6 2560x1440 125%"></testcase>
  <testcase classname="NovaA.v4.1" name="de SHELL workspace 2/6 2560x1440 125%"></testcase>
  <testcase classname="NovaA.v4.1" name="de SHELL workspace 3/6 2560x1440 125%"></testcase>
  <testcase classname="NovaA.v4.1" name="de SHELL workspace 4/6 2560x1440 125%"></testcase>
  <testcase classname="NovaA.v4.1" name="de SHELL workspace 5/6 2560x1440 125%"></testcase>
  <testcase classname="NovaA.v4.1" name="de SHELL workspace 6/6 2560x1440 125%"></testcase>
  <testcase classname="NovaA.v4.1" name="de SHELL workspace 1/6 3840x2160 125%"></testcase>
  <testcase classname="NovaA.v4.1" name="de SHELL workspace 2/6 3840x2160 125%"></testcase>
  <testcase classname="NovaA.v4.1" name="de SHELL workspace 3/6 3840x2160 125%"></testcase>
  <testcase classname="NovaA.v4.1" name="de SHELL workspace 4/6 3840x2160 125%"></testcase>
  <testcase classname="NovaA.v4.1" name="de SHELL workspace 5/6 3840x2160 125%"></testcase>
  <testcase classname="NovaA.v4.1" name="de SHELL workspace 6/6 3840x2160 125%"></testcase>
  <testcase classname="NovaA.v4.1" name="de SHELL workspace 1/6 1366x768 150%"></testcase>
  <testcase classname="NovaA.v4.1" name="de SHELL workspace 2/6 1366x768 150%"></testcase>
  <testcase classname="NovaA.v4.1" name="de SHELL workspace 3/6 1366x768 150%"></testcase>
  <testcase classname="NovaA.v4.1" name="de SHELL workspace 4/6 1366x768 150%"></testcase>
  <testcase classname="NovaA.v4.1" name="de SHELL workspace 5/6 1366x768 150%"></testcase>
  <testcase classname="NovaA.v4.1" name="de SHELL workspace 6/6 1366x768 150%"></testcase>
  <testcase classname="NovaA.v4.1" name="de SHELL workspace 1/6 1920x1080 150%"></testcase>
  <testcase classname="NovaA.v4.1" name="de SHELL workspace 2/6 1920x1080 150%"></testcase>
  <testcase classname="NovaA.v4.1" name="de SHELL workspace 3/6 1920x1080 150%"></testcase>
  <testcase classname="NovaA.v4.1" name="de SHELL workspace 4/6 1920x1080 150%"></testcase>
  <testcase classname="NovaA.v4.1" name="de SHELL workspace 5/6 1920x1080 150%"></testcase>
  <testcase classname="NovaA.v4.1" name="de SHELL workspace 6/6 1920x1080 150%"></testcase>
  <testcase classname="NovaA.v4.1" name="de SHELL workspace 1/6 2560x1440 150%"></testcase>
  <testcase classname="NovaA.v4.1" name="de SHELL workspace 2/6 2560x1440 150%"></testcase>
  <testcase classname="NovaA.v4.1" name="de SHELL workspace 3/6 2560x1440 150%"></testcase>
  <testcase classname="NovaA.v4.1" name="de SHELL workspace 4/6 2560x1440 150%"></testcase>
  <testcase classname="NovaA.v4.1" name="de SHELL workspace 5/6 2560x1440 150%"></testcase>
  <testcase classname="NovaA.v4.1" name="de SHELL workspace 6/6 2560x1440 150%"></testcase>
  <testcase classname="NovaA.v4.1" name="de SHELL workspace 1/6 3840x2160 150%"></testcase>
  <testcase classname="NovaA.v4.1" name="de SHELL workspace 2/6 3840x2160 150%"></testcase>
  <testcase classname="NovaA.v4.1" name="de SHELL workspace 3/6 3840x2160 150%"></testcase>
  <testcase classname="NovaA.v4.1" name="de SHELL workspace 4/6 3840x2160 150%"></testcase>
  <testcase classname="NovaA.v4.1" name="de SHELL workspace 5/6 3840x2160 150%"></testcase>
  <testcase classname="NovaA.v4.1" name="de SHELL workspace 6/6 3840x2160 150%"></testcase>
  <testcase classname="NovaA.v4.1" name="de SHELL workspace 1/6 1366x768 175%"></testcase>
  <testcase classname="NovaA.v4.1" name="de SHELL workspace 2/6 1366x768 175%"></testcase>
  <testcase classname="NovaA.v4.1" name="de SHELL workspace 3/6 1366x768 175%"></testcase>
  <testcase classname="NovaA.v4.1" name="de SHELL workspace 4/6 1366x768 175%"></testcase>
  <testcase classname="NovaA.v4.1" name="de SHELL workspace 5/6 1366x768 175%"></testcase>
  <testcase classname="NovaA.v4.1" name="de SHELL workspace 6/6 1366x768 175%"></testcase>
  <testcase classname="NovaA.v4.1" name="de SHELL workspace 1/6 1920x1080 175%"></testcase>
  <testcase classname="NovaA.v4.1" name="de SHELL workspace 2/6 1920x1080 175%"></testcase>
  <testcase classname="NovaA.v4.1" name="de SHELL workspace 3/6 1920x1080 175%"></testcase>
  <testcase classname="NovaA.v4.1" name="de SHELL workspace 4/6 1920x1080 175%"></testcase>
  <testcase classname="NovaA.v4.1" name="de SHELL workspace 5/6 1920x1080 175%"></testcase>
  <testcase classname="NovaA.v4.1" name="de SHELL workspace 6/6 1920x1080 175%"></testcase>
  <testcase classname="NovaA.v4.1" name="de SHELL workspace 1/6 2560x1440 175%"></testcase>
  <testcase classname="NovaA.v4.1" name="de SHELL workspace 2/6 2560x1440 175%"></testcase>
  <testcase classname="NovaA.v4.1" name="de SHELL workspace 3/6 2560x1440 175%"></testcase>
  <testcase classname="NovaA.v4.1" name="de SHELL workspace 4/6 2560x1440 175%"></testcase>
  <testcase classname="NovaA.v4.1" name="de SHELL workspace 5/6 2560x1440 175%"></testcase>
  <testcase classname="NovaA.v4.1" name="de SHELL workspace 6/6 2560x1440 175%"></testcase>
  <testcase classname="NovaA.v4.1" name="de SHELL workspace 1/6 3840x2160 175%"></testcase>
  <testcase classname="NovaA.v4.1" name="de SHELL workspace 2/6 3840x2160 175%"></testcase>
  <testcase classname="NovaA.v4.1" name="de SHELL workspace 3/6 3840x2160 175%"></testcase>
  <testcase classname="NovaA.v4.1" name="de SHELL workspace 4/6 3840x2160 175%"></testcase>
  <testcase classname="NovaA.v4.1" name="de SHELL workspace 5/6 3840x2160 175%"></testcase>
  <testcase classname="NovaA.v4.1" name="de SHELL workspace 6/6 3840x2160 175%"></testcase>
  <testcase classname="NovaA.v4.1" name="de SHELL workspace 1/6 1366x768 200%"></testcase>
  <testcase classname="NovaA.v4.1" name="de SHELL workspace 2/6 1366x768 200%"></testcase>
  <testcase classname="NovaA.v4.1" name="de SHELL workspace 3/6 1366x768 200%"></testcase>
  <testcase classname="NovaA.v4.1" name="de SHELL workspace 4/6 1366x768 200%"></testcase>
  <testcase classname="NovaA.v4.1" name="de SHELL workspace 5/6 1366x768 200%"></testcase>
  <testcase classname="NovaA.v4.1" name="de SHELL workspace 6/6 1366x768 200%"></testcase>
  <testcase classname="NovaA.v4.1" name="de SHELL workspace 1/6 1920x1080 200%"></testcase>
  <testcase classname="NovaA.v4.1" name="de SHELL workspace 2/6 1920x1080 200%"></testcase>
  <testcase classname="NovaA.v4.1" name="de SHELL workspace 3/6 1920x1080 200%"></testcase>
  <testcase classname="NovaA.v4.1" name="de SHELL workspace 4/6 1920x1080 200%"></testcase>
  <testcase classname="NovaA.v4.1" name="de SHELL workspace 5/6 1920x1080 200%"></testcase>
  <testcase classname="NovaA.v4.1" name="de SHELL workspace 6/6 1920x1080 200%"></testcase>
  <testcase classname="NovaA.v4.1" name="de SHELL workspace 1/6 2560x1440 200%"></testcase>
  <testcase classname="NovaA.v4.1" name="de SHELL workspace 2/6 2560x1440 200%"></testcase>
  <testcase classname="NovaA.v4.1" name="de SHELL workspace 3/6 2560x1440 200%"></testcase>
  <testcase classname="NovaA.v4.1" name="de SHELL workspace 4/6 2560x1440 200%"></testcase>
  <testcase classname="NovaA.v4.1" name="de SHELL workspace 5/6 2560x1440 200%"></testcase>
  <testcase classname="NovaA.v4.1" name="de SHELL workspace 6/6 2560x1440 200%"></testcase>
  <testcase classname="NovaA.v4.1" name="de SHELL workspace 1/6 3840x2160 200%"></testcase>
  <testcase classname="NovaA.v4.1" name="de SHELL workspace 2/6 3840x2160 200%"></testcase>
  <testcase classname="NovaA.v4.1" name="de SHELL workspace 3/6 3840x2160 200%"></testcase>
  <testcase classname="NovaA.v4.1" name="de SHELL workspace 4/6 3840x2160 200%"></testcase>
  <testcase classname="NovaA.v4.1" name="de SHELL workspace 5/6 3840x2160 200%"></testcase>
  <testcase classname="NovaA.v4.1" name="de SHELL workspace 6/6 3840x2160 200%"></testcase>
  <testcase classname="NovaA.v4.1" name="de Design 1024x768"></testcase>
  <testcase classname="NovaA.v4.1" name="de Design 1280x800"></testcase>
  <testcase classname="NovaA.v4.1" name="de Design 1600x900"></testcase>
  <testcase classname="NovaA.v4.1" name="de Design 1920x1080"></testcase>
  <testcase classname="NovaA.v4.1" name="de workspace 1/6"></testcase>
  <testcase classname="NovaA.v4.1" name="de workspace 2/6"></testcase>
  <testcase classname="NovaA.v4.1" name="de workspace 3/6"></testcase>
  <testcase classname="NovaA.v4.1" name="de workspace 4/6"></testcase>
  <testcase classname="NovaA.v4.1" name="de workspace 5/6"></testcase>
  <testcase classname="NovaA.v4.1" name="de workspace 6/6"></testcase>
  <testcase classname="NovaA.v4.1" name="de Script workspace 800x720"></testcase>
  <testcase classname="NovaA.v4.1" name="de Script inspector 1/7 800x720"></testcase>
  <testcase classname="NovaA.v4.1" name="de Script inspector 2/7 800x720"></testcase>
  <testcase classname="NovaA.v4.1" name="de Script inspector 3/7 800x720"></testcase>
  <testcase classname="NovaA.v4.1" name="de Script inspector 4/7 800x720"></testcase>
  <testcase classname="NovaA.v4.1" name="de Script inspector 5/7 800x720"></testcase>
  <testcase classname="NovaA.v4.1" name="de Script inspector 6/7 800x720"></testcase>
  <testcase classname="NovaA.v4.1" name="de Script inspector 7/7 800x720"></testcase>
  <testcase classname="NovaA.v4.1" name="de Script workspace 1024x768"></testcase>
  <testcase classname="NovaA.v4.1" name="de Script inspector 1/7 1024x768"></testcase>
  <testcase classname="NovaA.v4.1" name="de Script inspector 2/7 1024x768"></testcase>
  <testcase classname="NovaA.v4.1" name="de Script inspector 3/7 1024x768"></testcase>
  <testcase classname="NovaA.v4.1" name="de Script inspector 4/7 1024x768"></testcase>
  <testcase classname="NovaA.v4.1" name="de Script inspector 5/7 1024x768"></testcase>
  <testcase classname="NovaA.v4.1" name="de Script inspector 6/7 1024x768"></testcase>
  <testcase classname="NovaA.v4.1" name="de Script inspector 7/7 1024x768"></testcase>
  <testcase classname="NovaA.v4.1" name="de Script workspace 1280x800"></testcase>
  <testcase classname="NovaA.v4.1" name="de Script inspector 1/7 1280x800"></testcase>
  <testcase classname="NovaA.v4.1" name="de Script inspector 2/7 1280x800"></testcase>
  <testcase classname="NovaA.v4.1" name="de Script inspector 3/7 1280x800"></testcase>
  <testcase classname="NovaA.v4.1" name="de Script inspector 4/7 1280x800"></testcase>
  <testcase classname="NovaA.v4.1" name="de Script inspector 5/7 1280x800"></testcase>
  <testcase classname="NovaA.v4.1" name="de Script inspector 6/7 1280x800"></testcase>
  <testcase classname="NovaA.v4.1" name="de Script inspector 7/7 1280x800"></testcase>
  <testcase classname="NovaA.v4.1" name="de Script workspace 1600x900"></testcase>
  <testcase classname="NovaA.v4.1" name="de Script inspector 1/7 1600x900"></testcase>
  <testcase classname="NovaA.v4.1" name="de Script inspector 2/7 1600x900"></testcase>
  <testcase classname="NovaA.v4.1" name="de Script inspector 3/7 1600x900"></testcase>
  <testcase classname="NovaA.v4.1" name="de Script inspector 4/7 1600x900"></testcase>
  <testcase classname="NovaA.v4.1" name="de Script inspector 5/7 1600x900"></testcase>
  <testcase classname="NovaA.v4.1" name="de Script inspector 6/7 1600x900"></testcase>
  <testcase classname="NovaA.v4.1" name="de Script inspector 7/7 1600x900"></testcase>
  <testcase classname="NovaA.v4.1" name="de Script workspace 1920x1080"></testcase>
  <testcase classname="NovaA.v4.1" name="de Script inspector 1/7 1920x1080"></testcase>
  <testcase classname="NovaA.v4.1" name="de Script inspector 2/7 1920x1080"></testcase>
  <testcase classname="NovaA.v4.1" name="de Script inspector 3/7 1920x1080"></testcase>
  <testcase classname="NovaA.v4.1" name="de Script inspector 4/7 1920x1080"></testcase>
  <testcase classname="NovaA.v4.1" name="de Script inspector 5/7 1920x1080"></testcase>
  <testcase classname="NovaA.v4.1" name="de Script inspector 6/7 1920x1080"></testcase>
  <testcase classname="NovaA.v4.1" name="de Script inspector 7/7 1920x1080"></testcase>
  <testcase classname="NovaA.v4.1" name="de Profiler section 1/8"></testcase>
  <testcase classname="NovaA.v4.1" name="de Profiler section 2/8"></testcase>
  <testcase classname="NovaA.v4.1" name="de Profiler section 3/8"></testcase>
  <testcase classname="NovaA.v4.1" name="de Profiler section 4/8"></testcase>
  <testcase classname="NovaA.v4.1" name="de Profiler section 5/8"></testcase>
  <testcase classname="NovaA.v4.1" name="de Profiler section 6/8"></testcase>
  <testcase classname="NovaA.v4.1" name="de Profiler section 7/8"></testcase>
  <testcase classname="NovaA.v4.1" name="de Profiler section 8/8"></testcase>
  <testcase classname="NovaA.v4.1" name="de UI workspace 1/3"></testcase>
  <testcase classname="NovaA.v4.1" name="de UI workspace 2/3"></testcase>
  <testcase classname="NovaA.v4.1" name="de UI workspace 3/3"></testcase>
  <testcase classname="NovaA.v4.1" name="de bottom panel 1/5"></testcase>
  <testcase classname="NovaA.v4.1" name="de bottom panel 2/5"></testcase>
  <testcase classname="NovaA.v4.1" name="de bottom panel 3/5"></testcase>
  <testcase classname="NovaA.v4.1" name="de bottom panel 4/5"></testcase>
  <testcase classname="NovaA.v4.1" name="de bottom panel 5/5"></testcase>
  <testcase classname="NovaA.v4.1" name="de page 1/4"></testcase>
  <testcase classname="NovaA.v4.1" name="de page 2/4"></testcase>
  <testcase classname="NovaA.v4.1" name="de page 3/4"></testcase>
  <testcase classname="NovaA.v4.1" name="de page 4/4"></testcase>
  <testcase classname="NovaA.v4.1" name="zh SHELL workspace 1/6 1366x768 100%"></testcase>
  <testcase classname="NovaA.v4.1" name="zh SHELL workspace 2/6 1366x768 100%"></testcase>
  <testcase classname="NovaA.v4.1" name="zh SHELL workspace 3/6 1366x768 100%"></testcase>
  <testcase classname="NovaA.v4.1" name="zh SHELL workspace 4/6 1366x768 100%"></testcase>
  <testcase classname="NovaA.v4.1" name="zh SHELL workspace 5/6 1366x768 100%"></testcase>
  <testcase classname="NovaA.v4.1" name="zh SHELL workspace 6/6 1366x768 100%"></testcase>
  <testcase classname="NovaA.v4.1" name="zh SHELL workspace 1/6 1920x1080 100%"></testcase>
  <testcase classname="NovaA.v4.1" name="zh SHELL workspace 2/6 1920x1080 100%"></testcase>
  <testcase classname="NovaA.v4.1" name="zh SHELL workspace 3/6 1920x1080 100%"></testcase>
  <testcase classname="NovaA.v4.1" name="zh SHELL workspace 4/6 1920x1080 100%"></testcase>
  <testcase classname="NovaA.v4.1" name="zh SHELL workspace 5/6 1920x1080 100%"></testcase>
  <testcase classname="NovaA.v4.1" name="zh SHELL workspace 6/6 1920x1080 100%"></testcase>
  <testcase classname="NovaA.v4.1" name="zh SHELL workspace 1/6 2560x1440 100%"></testcase>
  <testcase classname="NovaA.v4.1" name="zh SHELL workspace 2/6 2560x1440 100%"></testcase>
  <testcase classname="NovaA.v4.1" name="zh SHELL workspace 3/6 2560x1440 100%"></testcase>
  <testcase classname="NovaA.v4.1" name="zh SHELL workspace 4/6 2560x1440 100%"></testcase>
  <testcase classname="NovaA.v4.1" name="zh SHELL workspace 5/6 2560x1440 100%"></testcase>
  <testcase classname="NovaA.v4.1" name="zh SHELL workspace 6/6 2560x1440 100%"></testcase>
  <testcase classname="NovaA.v4.1" name="zh SHELL workspace 1/6 3840x2160 100%"></testcase>
  <testcase classname="NovaA.v4.1" name="zh SHELL workspace 2/6 3840x2160 100%"></testcase>
  <testcase classname="NovaA.v4.1" name="zh SHELL workspace 3/6 3840x2160 100%"></testcase>
  <testcase classname="NovaA.v4.1" name="zh SHELL workspace 4/6 3840x2160 100%"></testcase>
  <testcase classname="NovaA.v4.1" name="zh SHELL workspace 5/6 3840x2160 100%"></testcase>
  <testcase classname="NovaA.v4.1" name="zh SHELL workspace 6/6 3840x2160 100%"></testcase>
  <testcase classname="NovaA.v4.1" name="zh SHELL workspace 1/6 1366x768 125%"></testcase>
  <testcase classname="NovaA.v4.1" name="zh SHELL workspace 2/6 1366x768 125%"></testcase>
  <testcase classname="NovaA.v4.1" name="zh SHELL workspace 3/6 1366x768 125%"></testcase>
  <testcase classname="NovaA.v4.1" name="zh SHELL workspace 4/6 1366x768 125%"></testcase>
  <testcase classname="NovaA.v4.1" name="zh SHELL workspace 5/6 1366x768 125%"></testcase>
  <testcase classname="NovaA.v4.1" name="zh SHELL workspace 6/6 1366x768 125%"></testcase>
  <testcase classname="NovaA.v4.1" name="zh SHELL workspace 1/6 1920x1080 125%"></testcase>
  <testcase classname="NovaA.v4.1" name="zh SHELL workspace 2/6 1920x1080 125%"></testcase>
  <testcase classname="NovaA.v4.1" name="zh SHELL workspace 3/6 1920x1080 125%"></testcase>
  <testcase classname="NovaA.v4.1" name="zh SHELL workspace 4/6 1920x1080 125%"></testcase>
  <testcase classname="NovaA.v4.1" name="zh SHELL workspace 5/6 1920x1080 125%"></testcase>
  <testcase classname="NovaA.v4.1" name="zh SHELL workspace 6/6 1920x1080 125%"></testcase>
  <testcase classname="NovaA.v4.1" name="zh SHELL workspace 1/6 2560x1440 125%"></testcase>
  <testcase classname="NovaA.v4.1" name="zh SHELL workspace 2/6 2560x1440 125%"></testcase>
  <testcase classname="NovaA.v4.1" name="zh SHELL workspace 3/6 2560x1440 125%"></testcase>
  <testcase classname="NovaA.v4.1" name="zh SHELL workspace 4/6 2560x1440 125%"></testcase>
  <testcase classname="NovaA.v4.1" name="zh SHELL workspace 5/6 2560x1440 125%"></testcase>
  <testcase classname="NovaA.v4.1" name="zh SHELL workspace 6/6 2560x1440 125%"></testcase>
  <testcase classname="NovaA.v4.1" name="zh SHELL workspace 1/6 3840x2160 125%"></testcase>
  <testcase classname="NovaA.v4.1" name="zh SHELL workspace 2/6 3840x2160 125%"></testcase>
  <testcase classname="NovaA.v4.1" name="zh SHELL workspace 3/6 3840x2160 125%"></testcase>
  <testcase classname="NovaA.v4.1" name="zh SHELL workspace 4/6 3840x2160 125%"></testcase>
  <testcase classname="NovaA.v4.1" name="zh SHELL workspace 5/6 3840x2160 125%"></testcase>
  <testcase classname="NovaA.v4.1" name="zh SHELL workspace 6/6 3840x2160 125%"></testcase>
  <testcase classname="NovaA.v4.1" name="zh SHELL workspace 1/6 1366x768 150%"></testcase>
  <testcase classname="NovaA.v4.1" name="zh SHELL workspace 2/6 1366x768 150%"></testcase>
  <testcase classname="NovaA.v4.1" name="zh SHELL workspace 3/6 1366x768 150%"></testcase>
  <testcase classname="NovaA.v4.1" name="zh SHELL workspace 4/6 1366x768 150%"></testcase>
  <testcase classname="NovaA.v4.1" name="zh SHELL workspace 5/6 1366x768 150%"></testcase>
  <testcase classname="NovaA.v4.1" name="zh SHELL workspace 6/6 1366x768 150%"></testcase>
  <testcase classname="NovaA.v4.1" name="zh SHELL workspace 1/6 1920x1080 150%"></testcase>
  <testcase classname="NovaA.v4.1" name="zh SHELL workspace 2/6 1920x1080 150%"></testcase>
  <testcase classname="NovaA.v4.1" name="zh SHELL workspace 3/6 1920x1080 150%"></testcase>
  <testcase classname="NovaA.v4.1" name="zh SHELL workspace 4/6 1920x1080 150%"></testcase>
  <testcase classname="NovaA.v4.1" name="zh SHELL workspace 5/6 1920x1080 150%"></testcase>
  <testcase classname="NovaA.v4.1" name="zh SHELL workspace 6/6 1920x1080 150%"></testcase>
  <testcase classname="NovaA.v4.1" name="zh SHELL workspace 1/6 2560x1440 150%"></testcase>
  <testcase classname="NovaA.v4.1" name="zh SHELL workspace 2/6 2560x1440 150%"></testcase>
  <testcase classname="NovaA.v4.1" name="zh SHELL workspace 3/6 2560x1440 150%"></testcase>
  <testcase classname="NovaA.v4.1" name="zh SHELL workspace 4/6 2560x1440 150%"></testcase>
  <testcase classname="NovaA.v4.1" name="zh SHELL workspace 5/6 2560x1440 150%"></testcase>
  <testcase classname="NovaA.v4.1" name="zh SHELL workspace 6/6 2560x1440 150%"></testcase>
  <testcase classname="NovaA.v4.1" name="zh SHELL workspace 1/6 3840x2160 150%"></testcase>
  <testcase classname="NovaA.v4.1" name="zh SHELL workspace 2/6 3840x2160 150%"></testcase>
  <testcase classname="NovaA.v4.1" name="zh SHELL workspace 3/6 3840x2160 150%"></testcase>
  <testcase classname="NovaA.v4.1" name="zh SHELL workspace 4/6 3840x2160 150%"></testcase>
  <testcase classname="NovaA.v4.1" name="zh SHELL workspace 5/6 3840x2160 150%"></testcase>
  <testcase classname="NovaA.v4.1" name="zh SHELL workspace 6/6 3840x2160 150%"></testcase>
  <testcase classname="NovaA.v4.1" name="zh SHELL workspace 1/6 1366x768 175%"></testcase>
  <testcase classname="NovaA.v4.1" name="zh SHELL workspace 2/6 1366x768 175%"></testcase>
  <testcase classname="NovaA.v4.1" name="zh SHELL workspace 3/6 1366x768 175%"></testcase>
  <testcase classname="NovaA.v4.1" name="zh SHELL workspace 4/6 1366x768 175%"></testcase>
  <testcase classname="NovaA.v4.1" name="zh SHELL workspace 5/6 1366x768 175%"></testcase>
  <testcase classname="NovaA.v4.1" name="zh SHELL workspace 6/6 1366x768 175%"></testcase>
  <testcase classname="NovaA.v4.1" name="zh SHELL workspace 1/6 1920x1080 175%"></testcase>
  <testcase classname="NovaA.v4.1" name="zh SHELL workspace 2/6 1920x1080 175%"></testcase>
  <testcase classname="NovaA.v4.1" name="zh SHELL workspace 3/6 1920x1080 175%"></testcase>
  <testcase classname="NovaA.v4.1" name="zh SHELL workspace 4/6 1920x1080 175%"></testcase>
  <testcase classname="NovaA.v4.1" name="zh SHELL workspace 5/6 1920x1080 175%"></testcase>
  <testcase classname="NovaA.v4.1" name="zh SHELL workspace 6/6 1920x1080 175%"></testcase>
  <testcase classname="NovaA.v4.1" name="zh SHELL workspace 1/6 2560x1440 175%"></testcase>
  <testcase classname="NovaA.v4.1" name="zh SHELL workspace 2/6 2560x1440 175%"></testcase>
  <testcase classname="NovaA.v4.1" name="zh SHELL workspace 3/6 2560x1440 175%"></testcase>
  <testcase classname="NovaA.v4.1" name="zh SHELL workspace 4/6 2560x1440 175%"></testcase>
  <testcase classname="NovaA.v4.1" name="zh SHELL workspace 5/6 2560x1440 175%"></testcase>
  <testcase classname="NovaA.v4.1" name="zh SHELL workspace 6/6 2560x1440 175%"></testcase>
  <testcase classname="NovaA.v4.1" name="zh SHELL workspace 1/6 3840x2160 175%"></testcase>
  <testcase classname="NovaA.v4.1" name="zh SHELL workspace 2/6 3840x2160 175%"></testcase>
  <testcase classname="NovaA.v4.1" name="zh SHELL workspace 3/6 3840x2160 175%"></testcase>
  <testcase classname="NovaA.v4.1" name="zh SHELL workspace 4/6 3840x2160 175%"></testcase>
  <testcase classname="NovaA.v4.1" name="zh SHELL workspace 5/6 3840x2160 175%"></testcase>
  <testcase classname="NovaA.v4.1" name="zh SHELL workspace 6/6 3840x2160 175%"></testcase>
  <testcase classname="NovaA.v4.1" name="zh SHELL workspace 1/6 1366x768 200%"></testcase>
  <testcase classname="NovaA.v4.1" name="zh SHELL workspace 2/6 1366x768 200%"></testcase>
  <testcase classname="NovaA.v4.1" name="zh SHELL workspace 3/6 1366x768 200%"></testcase>
  <testcase classname="NovaA.v4.1" name="zh SHELL workspace 4/6 1366x768 200%"></testcase>
  <testcase classname="NovaA.v4.1" name="zh SHELL workspace 5/6 1366x768 200%"></testcase>
  <testcase classname="NovaA.v4.1" name="zh SHELL workspace 6/6 1366x768 200%"></testcase>
  <testcase classname="NovaA.v4.1" name="zh SHELL workspace 1/6 1920x1080 200%"></testcase>
  <testcase classname="NovaA.v4.1" name="zh SHELL workspace 2/6 1920x1080 200%"></testcase>
  <testcase classname="NovaA.v4.1" name="zh SHELL workspace 3/6 1920x1080 200%"></testcase>
  <testcase classname="NovaA.v4.1" name="zh SHELL workspace 4/6 1920x1080 200%"></testcase>
  <testcase classname="NovaA.v4.1" name="zh SHELL workspace 5/6 1920x1080 200%"></testcase>
  <testcase classname="NovaA.v4.1" name="zh SHELL workspace 6/6 1920x1080 200%"></testcase>
  <testcase classname="NovaA.v4.1" name="zh SHELL workspace 1/6 2560x1440 200%"></testcase>
  <testcase classname="NovaA.v4.1" name="zh SHELL workspace 2/6 2560x1440 200%"></testcase>
  <testcase classname="NovaA.v4.1" name="zh SHELL workspace 3/6 2560x1440 200%"></testcase>
  <testcase classname="NovaA.v4.1" name="zh SHELL workspace 4/6 2560x1440 200%"></testcase>
  <testcase classname="NovaA.v4.1" name="zh SHELL workspace 5/6 2560x1440 200%"></testcase>
  <testcase classname="NovaA.v4.1" name="zh SHELL workspace 6/6 2560x1440 200%"></testcase>
  <testcase classname="NovaA.v4.1" name="zh SHELL workspace 1/6 3840x2160 200%"></testcase>
  <testcase classname="NovaA.v4.1" name="zh SHELL workspace 2/6 3840x2160 200%"></testcase>
  <testcase classname="NovaA.v4.1" name="zh SHELL workspace 3/6 3840x2160 200%"></testcase>
  <testcase classname="NovaA.v4.1" name="zh SHELL workspace 4/6 3840x2160 200%"></testcase>
  <testcase classname="NovaA.v4.1" name="zh SHELL workspace 5/6 3840x2160 200%"></testcase>
  <testcase classname="NovaA.v4.1" name="zh SHELL workspace 6/6 3840x2160 200%"></testcase>
  <testcase classname="NovaA.v4.1" name="zh Design 1024x768"></testcase>
  <testcase classname="NovaA.v4.1" name="zh Design 1280x800"></testcase>
  <testcase classname="NovaA.v4.1" name="zh Design 1600x900"></testcase>
  <testcase classname="NovaA.v4.1" name="zh Design 1920x1080"></testcase>
  <testcase classname="NovaA.v4.1" name="zh workspace 1/6"></testcase>
  <testcase classname="NovaA.v4.1" name="zh workspace 2/6"></testcase>
  <testcase classname="NovaA.v4.1" name="zh workspace 3/6"></testcase>
  <testcase classname="NovaA.v4.1" name="zh workspace 4/6"></testcase>
  <testcase classname="NovaA.v4.1" name="zh workspace 5/6"></testcase>
  <testcase classname="NovaA.v4.1" name="zh workspace 6/6"></testcase>
  <testcase classname="NovaA.v4.1" name="zh Script workspace 800x720"></testcase>
  <testcase classname="NovaA.v4.1" name="zh Script inspector 1/7 800x720"></testcase>
  <testcase classname="NovaA.v4.1" name="zh Script inspector 2/7 800x720"></testcase>
  <testcase classname="NovaA.v4.1" name="zh Script inspector 3/7 800x720"></testcase>
  <testcase classname="NovaA.v4.1" name="zh Script inspector 4/7 800x720"></testcase>
  <testcase classname="NovaA.v4.1" name="zh Script inspector 5/7 800x720"></testcase>
  <testcase classname="NovaA.v4.1" name="zh Script inspector 6/7 800x720"></testcase>
  <testcase classname="NovaA.v4.1" name="zh Script inspector 7/7 800x720"></testcase>
  <testcase classname="NovaA.v4.1" name="zh Script workspace 1024x768"></testcase>
  <testcase classname="NovaA.v4.1" name="zh Script inspector 1/7 1024x768"></testcase>
  <testcase classname="NovaA.v4.1" name="zh Script inspector 2/7 1024x768"></testcase>
  <testcase classname="NovaA.v4.1" name="zh Script inspector 3/7 1024x768"></testcase>
  <testcase classname="NovaA.v4.1" name="zh Script inspector 4/7 1024x768"></testcase>
  <testcase classname="NovaA.v4.1" name="zh Script inspector 5/7 1024x768"></testcase>
  <testcase classname="NovaA.v4.1" name="zh Script inspector 6/7 1024x768"></testcase>
  <testcase classname="NovaA.v4.1" name="zh Script inspector 7/7 1024x768"></testcase>
  <testcase classname="NovaA.v4.1" name="zh Script workspace 1280x800"></testcase>
  <testcase classname="NovaA.v4.1" name="zh Script inspector 1/7 1280x800"></testcase>
  <testcase classname="NovaA.v4.1" name="zh Script inspector 2/7 1280x800"></testcase>
  <testcase classname="NovaA.v4.1" name="zh Script inspector 3/7 1280x800"></testcase>
  <testcase classname="NovaA.v4.1" name="zh Script inspector 4/7 1280x800"></testcase>
  <testcase classname="NovaA.v4.1" name="zh Script inspector 5/7 1280x800"></testcase>
  <testcase classname="NovaA.v4.1" name="zh Script inspector 6/7 1280x800"></testcase>
  <testcase classname="NovaA.v4.1" name="zh Script inspector 7/7 1280x800"></testcase>
  <testcase classname="NovaA.v4.1" name="zh Script workspace 1600x900"></testcase>
  <testcase classname="NovaA.v4.1" name="zh Script inspector 1/7 1600x900"></testcase>
  <testcase classname="NovaA.v4.1" name="zh Script inspector 2/7 1600x900"></testcase>
  <testcase classname="NovaA.v4.1" name="zh Script inspector 3/7 1600x900"></testcase>
  <testcase classname="NovaA.v4.1" name="zh Script inspector 4/7 1600x900"></testcase>
  <testcase classname="NovaA.v4.1" name="zh Script inspector 5/7 1600x900"></testcase>
  <testcase classname="NovaA.v4.1" name="zh Script inspector 6/7 1600x900"></testcase>
  <testcase classname="NovaA.v4.1" name="zh Script inspector 7/7 1600x900"></testcase>
  <testcase classname="NovaA.v4.1" name="zh Script workspace 1920x1080"></testcase>
  <testcase classname="NovaA.v4.1" name="zh Script inspector 1/7 1920x1080"></testcase>
  <testcase classname="NovaA.v4.1" name="zh Script inspector 2/7 1920x1080"></testcase>
  <testcase classname="NovaA.v4.1" name="zh Script inspector 3/7 1920x1080"></testcase>
  <testcase classname="NovaA.v4.1" name="zh Script inspector 4/7 1920x1080"></testcase>
  <testcase classname="NovaA.v4.1" name="zh Script inspector 5/7 1920x1080"></testcase>
  <testcase classname="NovaA.v4.1" name="zh Script inspector 6/7 1920x1080"></testcase>
  <testcase classname="NovaA.v4.1" name="zh Script inspector 7/7 1920x1080"></testcase>
  <testcase classname="NovaA.v4.1" name="zh Profiler section 1/8"></testcase>
  <testcase classname="NovaA.v4.1" name="zh Profiler section 2/8"></testcase>
  <testcase classname="NovaA.v4.1" name="zh Profiler section 3/8"></testcase>
  <testcase classname="NovaA.v4.1" name="zh Profiler section 4/8"></testcase>
  <testcase classname="NovaA.v4.1" name="zh Profiler section 5/8"></testcase>
  <testcase classname="NovaA.v4.1" name="zh Profiler section 6/8"></testcase>
  <testcase classname="NovaA.v4.1" name="zh Profiler section 7/8"></testcase>
  <testcase classname="NovaA.v4.1" name="zh Profiler section 8/8"></testcase>
  <testcase classname="NovaA.v4.1" name="zh UI workspace 1/3"></testcase>
  <testcase classname="NovaA.v4.1" name="zh UI workspace 2/3"></testcase>
  <testcase classname="NovaA.v4.1" name="zh UI workspace 3/3"></testcase>
  <testcase classname="NovaA.v4.1" name="zh bottom panel 1/5"></testcase>
  <testcase classname="NovaA.v4.1" name="zh bottom panel 2/5"></testcase>
  <testcase classname="NovaA.v4.1" name="zh bottom panel 3/5"></testcase>
  <testcase classname="NovaA.v4.1" name="zh bottom panel 4/5"></testcase>
  <testcase classname="NovaA.v4.1" name="zh bottom panel 5/5"></testcase>
  <testcase classname="NovaA.v4.1" name="zh page 1/4"></testcase>
  <testcase classname="NovaA.v4.1" name="zh page 2/4"></testcase>
  <testcase classname="NovaA.v4.1" name="zh page 3/4"></testcase>
  <testcase classname="NovaA.v4.1" name="zh page 4/4"></testcase>
  <testcase classname="NovaA.v4.1" name="Stable control inventory"></testcase>
  <testcase classname="NovaA.v4.1" name="Browser console and fatal surface"></testcase>
  <testcase classname="NovaA.v4.1" name="artifact-portable"></testcase>
  <testcase classname="NovaA.v4.1" name="artifact-msi"></testcase>
  <testcase classname="NovaA.v4.1" name="artifact-setup"></testcase>
  <testcase classname="NovaA.v4.1" name="portable-isolated-startup"></testcase>
</testsuite>
