<?xml version="1.0" encoding="UTF-8"?>
<testsuite name="Nova_A v4.6 programming" tests="61" failures="0">
  <testcase classname="Nova_A.Scripting" name="SCR460-VERSION"></testcase>
  <testcase classname="Nova_A.Scripting" name="SCR460-API-MANIFEST"></testcase>
  <testcase classname="Nova_A.Scripting" name="SCR460-API-DOMAINS"></testcase>
  <testcase classname="Nova_A.Scripting" name="SCR460-SANDBOX"></testcase>
  <testcase classname="Nova_A.Scripting" name="SCR460-LANGUAGE"></testcase>
  <testcase classname="Nova_A.Scripting" name="SCR460-LANGUAGE-SAFETY"></testcase>
  <testcase classname="Nova_A.Scripting" name="SCR460-DEBUGGER"></testcase>
  <testcase classname="Nova_A.Scripting" name="SCR460-REMOTE-SECURITY"></testcase>
  <testcase classname="Nova_A.Scripting" name="SCR460-HOT-RELOAD"></testcase>
  <testcase classname="Nova_A.Scripting" name="SCR460-TESTS"></testcase>
  <testcase classname="Nova_A.Scripting" name="SCR460-CLI"></testcase>
  <testcase classname="Nova_A.Scripting" name="SCR460-COVERAGE"></testcase>
  <testcase classname="Nova_A.Scripting" name="SCR460-STUDIO-LAYOUT"></testcase>
  <testcase classname="Nova_A.Scripting" name="SCR460-PROJECT-INTEGRATION"></testcase>
  <testcase classname="Nova_A.Scripting" name="SCR460-EXTERNAL"></testcase>
  <testcase classname="Nova_A.Scripting" name="SCR460-I18N"></testcase>
  <testcase classname="Nova_A.Scripting" name="SCR460-MANUAL"></testcase>
  <testcase classname="Nova_A.Scripting" name="SCR460-DOC-RHAI_API_V2.md"></testcase>
  <testcase classname="Nova_A.Scripting" name="SCR460-DOC-RHAI_API_V2_MANIFEST.json"></testcase>
  <testcase classname="Nova_A.Scripting" name="SCR460-DOC-RHAI_V1_TO_V2.json"></testcase>
  <testcase classname="Nova_A.Scripting" name="SCR460-DOC-NOVA_RHAI_API_V2_STUBS.rhai"></testcase>
  <testcase classname="Nova_A.Scripting" name="SCR460-DOC-RHAI_DEBUG_PROTOCOL_V2.md"></testcase>
  <testcase classname="Nova_A.Scripting" name="SCR460-DOC-RHAI_HOT_RELOAD_4_6.md"></testcase>
  <testcase classname="Nova_A.Scripting" name="SCR460-DOC-RHAI_TESTING_COVERAGE_4_6.md"></testcase>
  <testcase classname="Nova_A.Scripting" name="SCR460-DOC-RHAI_EXTERNAL_TOOLS_4_6.md"></testcase>
  <testcase classname="Nova_A.Scripting" name="SCR460-DOC-KNOWN_ISSUES_4_6.md"></testcase>
  <testcase classname="Nova_A.Scripting" name="SCR460-REF-script-v46-api-contract-project.nova"></testcase>
  <testcase classname="Nova_A.Scripting" name="SCR460-REF-script-v46-api-contract-README.md"></testcase>
  <testcase classname="Nova_A.Scripting" name="SCR460-REF-script-v46-api-contract-expected-output.json"></testcase>
  <testcase classname="Nova_A.Scripting" name="SCR460-REF-script-v46-api-contract-test-controls.json"></testcase>
  <testcase classname="Nova_A.Scripting" name="SCR460-REF-script-v46-language-services-project.nova"></testcase>
  <testcase classname="Nova_A.Scripting" name="SCR460-REF-script-v46-language-services-README.md"></testcase>
  <testcase classname="Nova_A.Scripting" name="SCR460-REF-script-v46-language-services-expected-output.json"></testcase>
  <testcase classname="Nova_A.Scripting" name="SCR460-REF-script-v46-language-services-test-controls.json"></testcase>
  <testcase classname="Nova_A.Scripting" name="SCR460-REF-script-v46-debugger-project.nova"></testcase>
  <testcase classname="Nova_A.Scripting" name="SCR460-REF-script-v46-debugger-README.md"></testcase>
  <testcase classname="Nova_A.Scripting" name="SCR460-REF-script-v46-debugger-expected-output.json"></testcase>
  <testcase classname="Nova_A.Scripting" name="SCR460-REF-script-v46-debugger-test-controls.json"></testcase>
  <testcase classname="Nova_A.Scripting" name="SCR460-REF-script-v46-hot-reload-project.nova"></testcase>
  <testcase classname="Nova_A.Scripting" name="SCR460-REF-script-v46-hot-reload-README.md"></testcase>
  <testcase classname="Nova_A.Scripting" name="SCR460-REF-script-v46-hot-reload-expected-output.json"></testcase>
  <testcase classname="Nova_A.Scripting" name="SCR460-REF-script-v46-hot-reload-test-controls.json"></testcase>
  <testcase classname="Nova_A.Scripting" name="SCR460-REF-script-v46-tests-coverage-project.nova"></testcase>
  <testcase classname="Nova_A.Scripting" name="SCR460-REF-script-v46-tests-coverage-README.md"></testcase>
  <testcase classname="Nova_A.Scripting" name="SCR460-REF-script-v46-tests-coverage-expected-output.json"></testcase>
  <testcase classname="Nova_A.Scripting" name="SCR460-REF-script-v46-tests-coverage-test-controls.json"></testcase>
  <testcase classname="Nova_A.Scripting" name="SCR460-REF-script-v46-external-tools-project.nova"></testcase>
  <testcase classname="Nova_A.Scripting" name="SCR460-REF-script-v46-external-tools-README.md"></testcase>
  <testcase classname="Nova_A.Scripting" name="SCR460-REF-script-v46-external-tools-expected-output.json"></testcase>
  <testcase classname="Nova_A.Scripting" name="SCR460-REF-script-v46-external-tools-test-controls.json"></testcase>
  <testcase classname="Nova_A.Scripting" name="SCR-LANGUAGE-5000"></testcase>
  <testcase classname="Nova_A.Scripting" name="SCR-LANGUAGE-FUZZ"></testcase>
  <testcase classname="Nova_A.Scripting" name="DBG-PROTOCOL"></testcase>
  <testcase classname="Nova_A.Scripting" name="SCR-HOT-RELOAD"></testcase>
  <testcase classname="Nova_A.Scripting" name="TST-COVERAGE"></testcase>
  <testcase classname="Nova_A.Scripting" name="API-V1-MIGRATION"></testcase>
  <testcase classname="Nova_A.Scripting" name="API-V2-CONTRACT"></testcase>
  <testcase classname="Nova_A.Scripting" name="artifact-portable"></testcase>
  <testcase classname="Nova_A.Scripting" name="artifact-msi"></testcase>
  <testcase classname="Nova_A.Scripting" name="artifact-setup"></testcase>
  <testcase classname="Nova_A.Scripting" name="portable-isolated-startup"></testcase>
</testsuite>
